INFO: Seed: 492690443
INFO: Loaded 1 modules   (229 inline 8-bit counters): 229 [0x796430, 0x796515), 
INFO: Loaded 1 PC tables (229 PCs): 229 [0x5724f8,0x573348), 
INFO:        2 files found in ../seeds
INFO: -max_len is not provided; libFuzzer will not generate inputs larger than 4096 bytes
INFO: seed corpus: files: 2 min: 287b max: 1070b total: 1357b rss: 37Mb

=================================================================
==15155==ERROR: LeakSanitizer: detected memory leaks

Direct leak of 10100 byte(s) in 1 object(s) allocated from:
    #0 0x512730 in realloc (/home/alessandro/Downloads/college/Software_Security/lab0x04fuzzer/src/fuzzer_load_png+0x512730)
    #1 0x54d5ca in decompress_png_data /home/alessandro/Downloads/college/Software_Security/lab0x04fuzzer/src/pngparser.c:385:25
    #2 0x550916 in load_png /home/alessandro/Downloads/college/Software_Security/lab0x04fuzzer/src/pngparser.c:684:9
    #3 0x54a933 in LLVMFuzzerTestOneInput /home/alessandro/Downloads/college/Software_Security/lab0x04fuzzer/src/fuzzer_load_png.c:15:3
    #4 0x42ebc7 in fuzzer::Fuzzer::ExecuteCallback(unsigned char const*, unsigned long) (/home/alessandro/Downloads/college/Software_Security/lab0x04fuzzer/src/fuzzer_load_png+0x42ebc7)
    #5 0x4372c0 in fuzzer::Fuzzer::RunOne(unsigned char const*, unsigned long, bool, fuzzer::InputInfo*, bool*) (/home/alessandro/Downloads/college/Software_Security/lab0x04fuzzer/src/fuzzer_load_png+0x4372c0)
    #6 0x4388c6 in fuzzer::Fuzzer::ReadAndExecuteSeedCorpora(std::vector<std::__cxx11::basic_string<char, std::char_traits<char>, std::allocator<char> >, fuzzer::fuzzer_allocator<std::__cxx11::basic_string<char, std::char_traits<char>, std::allocator<char> > > > const&) (/home/alessandro/Downloads/college/Software_Security/lab0x04fuzzer/src/fuzzer_load_png+0x4388c6)
    #7 0x43a972 in fuzzer::Fuzzer::Loop(std::vector<std::__cxx11::basic_string<char, std::char_traits<char>, std::allocator<char> >, fuzzer::fuzzer_allocator<std::__cxx11::basic_string<char, std::char_traits<char>, std::allocator<char> > > > const&) (/home/alessandro/Downloads/college/Software_Security/lab0x04fuzzer/src/fuzzer_load_png+0x43a972)
    #8 0x429e5c in fuzzer::FuzzerDriver(int*, char***, int (*)(unsigned char const*, unsigned long)) (/home/alessandro/Downloads/college/Software_Security/lab0x04fuzzer/src/fuzzer_load_png+0x429e5c)
    #9 0x41cd22 in main (/home/alessandro/Downloads/college/Software_Security/lab0x04fuzzer/src/fuzzer_load_png+0x41cd22)
    #10 0x7f2536f6db96 in __libc_start_main /build/glibc-OTsEL5/glibc-2.27/csu/../csu/libc-start.c:310

Direct leak of 20 byte(s) in 1 object(s) allocated from:
    #0 0x5122b0 in __interceptor_malloc (/home/alessandro/Downloads/college/Software_Security/lab0x04fuzzer/src/fuzzer_load_png+0x5122b0)
    #1 0x5508c7 in load_png /home/alessandro/Downloads/college/Software_Security/lab0x04fuzzer/src/pngparser.c:589:66
    #2 0x54a933 in LLVMFuzzerTestOneInput /home/alessandro/Downloads/college/Software_Security/lab0x04fuzzer/src/fuzzer_load_png.c:15:3
    #3 0x42ebc7 in fuzzer::Fuzzer::ExecuteCallback(unsigned char const*, unsigned long) (/home/alessandro/Downloads/college/Software_Security/lab0x04fuzzer/src/fuzzer_load_png+0x42ebc7)
    #4 0x4372c0 in fuzzer::Fuzzer::RunOne(unsigned char const*, unsigned long, bool, fuzzer::InputInfo*, bool*) (/home/alessandro/Downloads/college/Software_Security/lab0x04fuzzer/src/fuzzer_load_png+0x4372c0)
    #5 0x4388c6 in fuzzer::Fuzzer::ReadAndExecuteSeedCorpora(std::vector<std::__cxx11::basic_string<char, std::char_traits<char>, std::allocator<char> >, fuzzer::fuzzer_allocator<std::__cxx11::basic_string<char, std::char_traits<char>, std::allocator<char> > > > const&) (/home/alessandro/Downloads/college/Software_Security/lab0x04fuzzer/src/fuzzer_load_png+0x4388c6)
    #6 0x43a972 in fuzzer::Fuzzer::Loop(std::vector<std::__cxx11::basic_string<char, std::char_traits<char>, std::allocator<char> >, fuzzer::fuzzer_allocator<std::__cxx11::basic_string<char, std::char_traits<char>, std::allocator<char> > > > const&) (/home/alessandro/Downloads/college/Software_Security/lab0x04fuzzer/src/fuzzer_load_png+0x43a972)
    #7 0x429e5c in fuzzer::FuzzerDriver(int*, char***, int (*)(unsigned char const*, unsigned long)) (/home/alessandro/Downloads/college/Software_Security/lab0x04fuzzer/src/fuzzer_load_png+0x429e5c)
    #8 0x41cd22 in main (/home/alessandro/Downloads/college/Software_Security/lab0x04fuzzer/src/fuzzer_load_png+0x41cd22)
    #9 0x7f2536f6db96 in __libc_start_main /build/glibc-OTsEL5/glibc-2.27/csu/../csu/libc-start.c:310

Direct leak of 19 byte(s) in 2 object(s) allocated from:
    #0 0x5122b0 in __interceptor_malloc (/home/alessandro/Downloads/college/Software_Security/lab0x04fuzzer/src/fuzzer_load_png+0x5122b0)
    #1 0x54c1c0 in read_png_chunk /home/alessandro/Downloads/college/Software_Security/lab0x04fuzzer/src/pngparser.c:277:29
    #2 0x54ffec in load_png /home/alessandro/Downloads/college/Software_Security/lab0x04fuzzer/src/pngparser.c:589:12
    #3 0x54a933 in LLVMFuzzerTestOneInput /home/alessandro/Downloads/college/Software_Security/lab0x04fuzzer/src/fuzzer_load_png.c:15:3
    #4 0x42ebc7 in fuzzer::Fuzzer::ExecuteCallback(unsigned char const*, unsigned long) (/home/alessandro/Downloads/college/Software_Security/lab0x04fuzzer/src/fuzzer_load_png+0x42ebc7)
    #5 0x4372c0 in fuzzer::Fuzzer::RunOne(unsigned char const*, unsigned long, bool, fuzzer::InputInfo*, bool*) (/home/alessandro/Downloads/college/Software_Security/lab0x04fuzzer/src/fuzzer_load_png+0x4372c0)
    #6 0x4388c6 in fuzzer::Fuzzer::ReadAndExecuteSeedCorpora(std::vector<std::__cxx11::basic_string<char, std::char_traits<char>, std::allocator<char> >, fuzzer::fuzzer_allocator<std::__cxx11::basic_string<char, std::char_traits<char>, std::allocator<char> > > > const&) (/home/alessandro/Downloads/college/Software_Security/lab0x04fuzzer/src/fuzzer_load_png+0x4388c6)
    #7 0x43a972 in fuzzer::Fuzzer::Loop(std::vector<std::__cxx11::basic_string<char, std::char_traits<char>, std::allocator<char> >, fuzzer::fuzzer_allocator<std::__cxx11::basic_string<char, std::char_traits<char>, std::allocator<char> > > > const&) (/home/alessandro/Downloads/college/Software_Security/lab0x04fuzzer/src/fuzzer_load_png+0x43a972)
    #8 0x429e5c in fuzzer::FuzzerDriver(int*, char***, int (*)(unsigned char const*, unsigned long)) (/home/alessandro/Downloads/college/Software_Security/lab0x04fuzzer/src/fuzzer_load_png+0x429e5c)
    #9 0x41cd22 in main (/home/alessandro/Downloads/college/Software_Security/lab0x04fuzzer/src/fuzzer_load_png+0x41cd22)
    #10 0x7f2536f6db96 in __libc_start_main /build/glibc-OTsEL5/glibc-2.27/csu/../csu/libc-start.c:310

Direct leak of 16 byte(s) in 1 object(s) allocated from:
    #0 0x5122b0 in __interceptor_malloc (/home/alessandro/Downloads/college/Software_Security/lab0x04fuzzer/src/fuzzer_load_png+0x5122b0)
    #1 0x54dc38 in convert_color_palette_to_image /home/alessandro/Downloads/college/Software_Security/lab0x04fuzzer/src/pngparser.c:419:26
    #2 0x54f85d in convert_data_to_image /home/alessandro/Downloads/college/Software_Security/lab0x04fuzzer/src/pngparser.c:512:20
    #3 0x54f960 in parse_png_no_interlace /home/alessandro/Downloads/college/Software_Security/lab0x04fuzzer/src/pngparser.c:525:12
    #4 0x54fb82 in parse_png /home/alessandro/Downloads/college/Software_Security/lab0x04fuzzer/src/pngparser.c:539:20
    #5 0x550a0b in load_png /home/alessandro/Downloads/college/Software_Security/lab0x04fuzzer/src/pngparser.c:689:12
    #6 0x54a933 in LLVMFuzzerTestOneInput /home/alessandro/Downloads/college/Software_Security/lab0x04fuzzer/src/fuzzer_load_png.c:15:3
    #7 0x42ebc7 in fuzzer::Fuzzer::ExecuteCallback(unsigned char const*, unsigned long) (/home/alessandro/Downloads/college/Software_Security/lab0x04fuzzer/src/fuzzer_load_png+0x42ebc7)
    #8 0x4372c0 in fuzzer::Fuzzer::RunOne(unsigned char const*, unsigned long, bool, fuzzer::InputInfo*, bool*) (/home/alessandro/Downloads/college/Software_Security/lab0x04fuzzer/src/fuzzer_load_png+0x4372c0)
    #9 0x4388c6 in fuzzer::Fuzzer::ReadAndExecuteSeedCorpora(std::vector<std::__cxx11::basic_string<char, std::char_traits<char>, std::allocator<char> >, fuzzer::fuzzer_allocator<std::__cxx11::basic_string<char, std::char_traits<char>, std::allocator<char> > > > const&) (/home/alessandro/Downloads/college/Software_Security/lab0x04fuzzer/src/fuzzer_load_png+0x4388c6)
    #10 0x43a972 in fuzzer::Fuzzer::Loop(std::vector<std::__cxx11::basic_string<char, std::char_traits<char>, std::allocator<char> >, fuzzer::fuzzer_allocator<std::__cxx11::basic_string<char, std::char_traits<char>, std::allocator<char> > > > const&) (/home/alessandro/Downloads/college/Software_Security/lab0x04fuzzer/src/fuzzer_load_png+0x43a972)
    #11 0x429e5c in fuzzer::FuzzerDriver(int*, char***, int (*)(unsigned char const*, unsigned long)) (/home/alessandro/Downloads/college/Software_Security/lab0x04fuzzer/src/fuzzer_load_png+0x429e5c)
    #12 0x41cd22 in main (/home/alessandro/Downloads/college/Software_Security/lab0x04fuzzer/src/fuzzer_load_png+0x41cd22)
    #13 0x7f2536f6db96 in __libc_start_main /build/glibc-OTsEL5/glibc-2.27/csu/../csu/libc-start.c:310

Indirect leak of 40000 byte(s) in 1 object(s) allocated from:
    #0 0x5122b0 in __interceptor_malloc (/home/alessandro/Downloads/college/Software_Security/lab0x04fuzzer/src/fuzzer_load_png+0x5122b0)
    #1 0x54de0c in convert_color_palette_to_image /home/alessandro/Downloads/college/Software_Security/lab0x04fuzzer/src/pngparser.c:422:15
    #2 0x54f85d in convert_data_to_image /home/alessandro/Downloads/college/Software_Security/lab0x04fuzzer/src/pngparser.c:512:20
    #3 0x54f960 in parse_png_no_interlace /home/alessandro/Downloads/college/Software_Security/lab0x04fuzzer/src/pngparser.c:525:12
    #4 0x54fb82 in parse_png /home/alessandro/Downloads/college/Software_Security/lab0x04fuzzer/src/pngparser.c:539:20
    #5 0x550a0b in load_png /home/alessandro/Downloads/college/Software_Security/lab0x04fuzzer/src/pngparser.c:689:12
    #6 0x54a933 in LLVMFuzzerTestOneInput /home/alessandro/Downloads/college/Software_Security/lab0x04fuzzer/src/fuzzer_load_png.c:15:3
    #7 0x42ebc7 in fuzzer::Fuzzer::ExecuteCallback(unsigned char const*, unsigned long) (/home/alessandro/Downloads/college/Software_Security/lab0x04fuzzer/src/fuzzer_load_png+0x42ebc7)
    #8 0x4372c0 in fuzzer::Fuzzer::RunOne(unsigned char const*, unsigned long, bool, fuzzer::InputInfo*, bool*) (/home/alessandro/Downloads/college/Software_Security/lab0x04fuzzer/src/fuzzer_load_png+0x4372c0)
    #9 0x4388c6 in fuzzer::Fuzzer::ReadAndExecuteSeedCorpora(std::vector<std::__cxx11::basic_string<char, std::char_traits<char>, std::allocator<char> >, fuzzer::fuzzer_allocator<std::__cxx11::basic_string<char, std::char_traits<char>, std::allocator<char> > > > const&) (/home/alessandro/Downloads/college/Software_Security/lab0x04fuzzer/src/fuzzer_load_png+0x4388c6)
    #10 0x43a972 in fuzzer::Fuzzer::Loop(std::vector<std::__cxx11::basic_string<char, std::char_traits<char>, std::allocator<char> >, fuzzer::fuzzer_allocator<std::__cxx11::basic_string<char, std::char_traits<char>, std::allocator<char> > > > const&) (/home/alessandro/Downloads/college/Software_Security/lab0x04fuzzer/src/fuzzer_load_png+0x43a972)
    #11 0x429e5c in fuzzer::FuzzerDriver(int*, char***, int (*)(unsigned char const*, unsigned long)) (/home/alessandro/Downloads/college/Software_Security/lab0x04fuzzer/src/fuzzer_load_png+0x429e5c)
    #12 0x41cd22 in main (/home/alessandro/Downloads/college/Software_Security/lab0x04fuzzer/src/fuzzer_load_png+0x41cd22)
    #13 0x7f2536f6db96 in __libc_start_main /build/glibc-OTsEL5/glibc-2.27/csu/../csu/libc-start.c:310

SUMMARY: AddressSanitizer: 50155 byte(s) leaked in 6 allocation(s).

INFO: a leak has been found in the initial corpus.

INFO: to ignore leaks on libFuzzer side use -detect_leaks=0.

MS: 0 ; base unit: 0000000000000000000000000000000000000000
artifact_prefix='./'; Test unit written to ./leak-2d5ff885f157e7321b0f50c06272f3da682963af
